#
# There is insufficient memory for the Java Runtime Environment to continue.
# Native memory allocation (malloc) failed to allocate 32744 bytes. Error detail: Chunk::new
# Possible reasons:
#   The system is out of physical RAM or swap space
#   This process is running with CompressedOops enabled, and the Java Heap may be blocking the growth of the native heap
# Possible solutions:
#   Reduce memory load on the system
#   Increase physical memory or swap space
#   Check if swap backing store is full
#   Decrease Java heap size (-Xmx/-Xms)
#   Decrease number of Java threads
#   Decrease Java thread stack sizes (-Xss)
#   Set larger code cache with -XX:ReservedCodeCacheSize=
#   JVM is running with Unscaled Compressed Oops mode in which the Java heap is
#     placed in the first 4GB address space. The Java Heap base address is the
#     maximum limit for the native heap growth. Please use -XX:HeapBaseMinAddress
#     to set the Java Heap base and to place the Java Heap above 4GB virtual address.
# This output file may be truncated or incomplete.
#
#  Out of Memory Error (arena.cpp:149), pid=29988, tid=8680
#
# JRE version: OpenJDK Runtime Environment (23.0.1+11) (build 23.0.1+11-39)
# Java VM: OpenJDK 64-Bit Server VM (23.0.1+11-39, mixed mode, sharing, tiered, compressed oops, compressed class ptrs, g1 gc, windows-amd64)
# No core dump will be written. Minidumps are not enabled by default on client versions of Windows
#

---------------  S U M M A R Y ------------

Command Line: -ea -Didea.test.cyclic.buffer.size=1048576 -javaagent:C:\Program Files\JetBrains\IntelliJ IDEA 2024.3\lib\idea_rt.jar=63588:C:\Program Files\JetBrains\IntelliJ IDEA 2024.3\bin -javaagent:C:\Users\aboub\AppData\Local\JetBrains\IntelliJIdea2024.3\captureAgent\debugger-agent.jar -Dkotlinx.coroutines.debug.enable.creation.stack.trace=false -Ddebugger.agent.enable.coroutines=true -Dkotlinx.coroutines.debug.enable.flows.stack.trace=true -Dkotlinx.coroutines.debug.enable.mutable.state.flows.stack.trace=true -Dfile.encoding=UTF-8 -Dsun.stdout.encoding=UTF-8 -Dsun.stderr.encoding=UTF-8 com.intellij.rt.junit.JUnitStarter -ideVersion5 -junit5 fr.insa.maven.demo.demoMavenProject.DatabaseManagerTest

Host: Intel(R) Core(TM) i5-9300H CPU @ 2.40GHz, 8 cores, 7G,  Windows 11 , 64 bit Build 22621 (10.0.22621.4391)
Time: Sat Dec  7 18:13:51 2024 Paris, Madrid elapsed time: 0.116262 seconds (0d 0h 0m 0s)

---------------  T H R E A D  ---------------

Current thread (0x000002b8d554eb10):  JavaThread "C1 CompilerThread0" daemon [_thread_in_native, id=8680, stack(0x000000d02c000000,0x000000d02c100000) (1024K)]


Current CompileTask:
C1:116  149   !   3       java.util.concurrent.ConcurrentHashMap::putVal (432 bytes)

Stack: [0x000000d02c000000,0x000000d02c100000]
Native frames: (J=compiled Java code, j=interpreted, Vv=VM code, C=native code)
V  [jvm.dll+0x6e08b9]  (no source info available)
V  [jvm.dll+0x87dc83]  (no source info available)
V  [jvm.dll+0x88010e]  (no source info available)
V  [jvm.dll+0x8807e3]  (no source info available)
V  [jvm.dll+0x27aee6]  (no source info available)
V  [jvm.dll+0xbc06f]  (no source info available)
V  [jvm.dll+0xbc2cb]  (no source info available)
V  [jvm.dll+0x1304e0]  (no source info available)
V  [jvm.dll+0x1878a9]  (no source info available)
V  [jvm.dll+0x18c253]  (no source info available)
V  [jvm.dll+0x17a3ae]  (no source info available)
V  [jvm.dll+0x168520]  (no source info available)
V  [jvm.dll+0x1509bf]  (no source info available)
V  [jvm.dll+0x15022f]  (no source info available)
V  [jvm.dll+0x1504db]  (no source info available)
V  [jvm.dll+0x14f8a8]  (no source info available)
V  [jvm.dll+0x1516ed]  (no source info available)
V  [jvm.dll+0x253cf1]  (no source info available)
V  [jvm.dll+0x251faa]  (no source info available)
V  [jvm.dll+0x3ee036]  (no source info available)
V  [jvm.dll+0x824f8b]  (no source info available)
V  [jvm.dll+0x6df065]  (no source info available)
C  [ucrtbase.dll+0x29333]  (no source info available)
C  [KERNEL32.DLL+0x1259d]  (no source info available)
C  [ntdll.dll+0x5af38]  (no source info available)

Lock stack of current Java thread (top to bottom):


---------------  P R O C E S S  ---------------

Threads class SMR info:
_java_thread_list=0x000002b8d5627de0, length=10, elements={
0x000002b8b8750e60, 0x000002b8d5534060, 0x000002b8d5535f90, 0x000002b8d55385d0,
0x000002b8d553b140, 0x000002b8d553bba0, 0x000002b8d553e870, 0x000002b8d554d050,
0x000002b8d554eb10, 0x000002b8d5622130
}

Java Threads: ( => current thread )
  0x000002b8b8750e60 JavaThread "main"                              [_thread_in_native, id=516, stack(0x000000d02b100000,0x000000d02b200000) (1024K)]
  0x000002b8d5534060 JavaThread "Reference Handler"          daemon [_thread_blocked, id=15536, stack(0x000000d02b900000,0x000000d02ba00000) (1024K)]
  0x000002b8d5535f90 JavaThread "Finalizer"                  daemon [_thread_blocked, id=11876, stack(0x000000d02ba00000,0x000000d02bb00000) (1024K)]
  0x000002b8d55385d0 JavaThread "Signal Dispatcher"          daemon [_thread_blocked, id=22176, stack(0x000000d02bb00000,0x000000d02bc00000) (1024K)]
  0x000002b8d553b140 JavaThread "Attach Listener"            daemon [_thread_in_Java, id=33340, stack(0x000000d02bc00000,0x000000d02bd00000) (1024K)]
  0x000002b8d553bba0 JavaThread "Service Thread"             daemon [_thread_blocked, id=22848, stack(0x000000d02bd00000,0x000000d02be00000) (1024K)]
  0x000002b8d553e870 JavaThread "Monitor Deflation Thread"   daemon [_thread_blocked, id=23632, stack(0x000000d02be00000,0x000000d02bf00000) (1024K)]
  0x000002b8d554d050 JavaThread "C2 CompilerThread0"         daemon [_thread_in_vm, id=29232, stack(0x000000d02bf00000,0x000000d02c000000) (1024K)]
=>0x000002b8d554eb10 JavaThread "C1 CompilerThread0"         daemon [_thread_in_native, id=8680, stack(0x000000d02c000000,0x000000d02c100000) (1024K)]
  0x000002b8d5622130 JavaThread "Common-Cleaner"             daemon [_thread_blocked, id=30768, stack(0x000000d02c100000,0x000000d02c200000) (1024K)]
Total: 10

Other Threads:
  0x000002b8d5519510 VMThread "VM Thread"                           [id=20748, stack(0x000000d02b800000,0x000000d02b900000) (1024K)]
  0x000002b8d550b140 WatcherThread "VM Periodic Task Thread"        [id=14384, stack(0x000000d02b700000,0x000000d02b800000) (1024K)]
  0x000002b8b87a9c30 WorkerThread "GC Thread#0"                     [id=22832, stack(0x000000d02b200000,0x000000d02b300000) (1024K)]
  0x000002b8b87be8e0 ConcurrentGCThread "G1 Main Marker"            [id=24656, stack(0x000000d02b300000,0x000000d02b400000) (1024K)]
  0x000002b8b87bfb90 WorkerThread "G1 Conc#0"                       [id=23052, stack(0x000000d02b400000,0x000000d02b500000) (1024K)]
  0x000002b8b880e9f0 ConcurrentGCThread "G1 Refine#0"               [id=12392, stack(0x000000d02b500000,0x000000d02b600000) (1024K)]
  0x000002b8d53cebb0 ConcurrentGCThread "G1 Service"                [id=31796, stack(0x000000d02b600000,0x000000d02b700000) (1024K)]
Total: 7

Threads with active compile tasks:
C2 CompilerThread0  220  143       4       java.util.HashMap::putVal (300 bytes)
C1 CompilerThread0  220  149   !   3       java.util.concurrent.ConcurrentHashMap::putVal (432 bytes)
Total: 2

VM state: not at safepoint (normal execution)

VM Mutex/Monitor currently owned by a thread: None

Heap address: 0x0000000081c00000, size: 2020 MB, Compressed Oops mode: 32-bit

CDS archive(s) mapped at: [0x000002b8d6000000-0x000002b8d6d70000-0x000002b8d6d70000), size 14090240, SharedBaseAddress: 0x000002b8d6000000, ArchiveRelocationMode: 1.
Compressed class space mapped at: 0x000002b8d7000000-0x000002b917000000, reserved size: 1073741824
Narrow klass base: 0x000002b8d6000000, Narrow klass shift: 0, Narrow klass range: 0x41000000

GC Precious Log:
 CardTable entry size: 512
 Card Set container configuration: InlinePtr #cards 5 size 8 Array Of Cards #cards 10 size 36 Howl #buckets 4 coarsen threshold 1843 Howl Bitmap #cards 512 size 80 coarsen threshold 460 Card regions per heap region 1 cards per card region 2048
 CPUs: 8 total, 8 available
 Memory: 8072M
 Large Page Support: Disabled
 NUMA Support: Disabled
 Compressed Oops: Enabled (32-bit)
 Heap Region Size: 1M
 Heap Min Capacity: 8M
 Heap Initial Capacity: 128M
 Heap Max Capacity: 2020M
 Pre-touch: Disabled
 Parallel Workers: 8
 Concurrent Workers: 2
 Concurrent Refinement Workers: 8
 Periodic GC: Disabled

Heap:
 garbage-first heap   total reserved 2068480K, committed 131072K, used 2048K [0x0000000081c00000, 0x0000000100000000)
  region size 1024K, 3 young (3072K), 0 survivors (0K)
 Metaspace       used 439K, committed 640K, reserved 1114112K
  class space    used 27K, committed 128K, reserved 1048576K

Heap Regions: E=young(eden), S=young(survivor), O=old, HS=humongous(starts), HC=humongous(continues), CS=collection set, F=free, TAMS=top-at-mark-start, PB=parsable bottom
|   0|0x0000000081c00000, 0x0000000081c00000, 0x0000000081d00000|  0%| F|  |TAMS 0x0000000081c00000| PB 0x0000000081c00000| Untracked |  0
|   1|0x0000000081d00000, 0x0000000081d00000, 0x0000000081e00000|  0%| F|  |TAMS 0x0000000081d00000| PB 0x0000000081d00000| Untracked |  0
|   2|0x0000000081e00000, 0x0000000081e00000, 0x0000000081f00000|  0%| F|  |TAMS 0x0000000081e00000| PB 0x0000000081e00000| Untracked |  0
|   3|0x0000000081f00000, 0x0000000081f00000, 0x0000000082000000|  0%| F|  |TAMS 0x0000000081f00000| PB 0x0000000081f00000| Untracked |  0
|   4|0x0000000082000000, 0x0000000082000000, 0x0000000082100000|  0%| F|  |TAMS 0x0000000082000000| PB 0x0000000082000000| Untracked |  0
|   5|0x0000000082100000, 0x0000000082100000, 0x0000000082200000|  0%| F|  |TAMS 0x0000000082100000| PB 0x0000000082100000| Untracked |  0
|   6|0x0000000082200000, 0x0000000082200000, 0x0000000082300000|  0%| F|  |TAMS 0x0000000082200000| PB 0x0000000082200000| Untracked |  0
|   7|0x0000000082300000, 0x0000000082300000, 0x0000000082400000|  0%| F|  |TAMS 0x0000000082300000| PB 0x0000000082300000| Untracked |  0
|   8|0x0000000082400000, 0x0000000082400000, 0x0000000082500000|  0%| F|  |TAMS 0x0000000082400000| PB 0x0000000082400000| Untracked |  0
|   9|0x0000000082500000, 0x0000000082500000, 0x0000000082600000|  0%| F|  |TAMS 0x0000000082500000| PB 0x0000000082500000| Untracked |  0
|  10|0x0000000082600000, 0x0000000082600000, 0x0000000082700000|  0%| F|  |TAMS 0x0000000082600000| PB 0x0000000082600000| Untracked |  0
|  11|0x0000000082700000, 0x0000000082700000, 0x0000000082800000|  0%| F|  |TAMS 0x0000000082700000| PB 0x0000000082700000| Untracked |  0
|  12|0x0000000082800000, 0x0000000082800000, 0x0000000082900000|  0%| F|  |TAMS 0x0000000082800000| PB 0x0000000082800000| Untracked |  0
|  13|0x0000000082900000, 0x0000000082900000, 0x0000000082a00000|  0%| F|  |TAMS 0x0000000082900000| PB 0x0000000082900000| Untracked |  0
|  14|0x0000000082a00000, 0x0000000082a00000, 0x0000000082b00000|  0%| F|  |TAMS 0x0000000082a00000| PB 0x0000000082a00000| Untracked |  0
|  15|0x0000000082b00000, 0x0000000082b00000, 0x0000000082c00000|  0%| F|  |TAMS 0x0000000082b00000| PB 0x0000000082b00000| Untracked |  0
|  16|0x0000000082c00000, 0x0000000082c00000, 0x0000000082d00000|  0%| F|  |TAMS 0x0000000082c00000| PB 0x0000000082c00000| Untracked |  0
|  17|0x0000000082d00000, 0x0000000082d00000, 0x0000000082e00000|  0%| F|  |TAMS 0x0000000082d00000| PB 0x0000000082d00000| Untracked |  0
|  18|0x0000000082e00000, 0x0000000082e00000, 0x0000000082f00000|  0%| F|  |TAMS 0x0000000082e00000| PB 0x0000000082e00000| Untracked |  0
|  19|0x0000000082f00000, 0x0000000082f00000, 0x0000000083000000|  0%| F|  |TAMS 0x0000000082f00000| PB 0x0000000082f00000| Untracked |  0
|  20|0x0000000083000000, 0x0000000083000000, 0x0000000083100000|  0%| F|  |TAMS 0x0000000083000000| PB 0x0000000083000000| Untracked |  0
|  21|0x0000000083100000, 0x0000000083100000, 0x0000000083200000|  0%| F|  |TAMS 0x0000000083100000| PB 0x0000000083100000| Untracked |  0
|  22|0x0000000083200000, 0x0000000083200000, 0x0000000083300000|  0%| F|  |TAMS 0x0000000083200000| PB 0x0000000083200000| Untracked |  0
|  23|0x0000000083300000, 0x0000000083300000, 0x0000000083400000|  0%| F|  |TAMS 0x0000000083300000| PB 0x0000000083300000| Untracked |  0
|  24|0x0000000083400000, 0x0000000083400000, 0x0000000083500000|  0%| F|  |TAMS 0x0000000083400000| PB 0x0000000083400000| Untracked |  0
|  25|0x0000000083500000, 0x0000000083500000, 0x0000000083600000|  0%| F|  |TAMS 0x0000000083500000| PB 0x0000000083500000| Untracked |  0
|  26|0x0000000083600000, 0x0000000083600000, 0x0000000083700000|  0%| F|  |TAMS 0x0000000083600000| PB 0x0000000083600000| Untracked |  0
|  27|0x0000000083700000, 0x0000000083700000, 0x0000000083800000|  0%| F|  |TAMS 0x0000000083700000| PB 0x0000000083700000| Untracked |  0
|  28|0x0000000083800000, 0x0000000083800000, 0x0000000083900000|  0%| F|  |TAMS 0x0000000083800000| PB 0x0000000083800000| Untracked |  0
|  29|0x0000000083900000, 0x0000000083900000, 0x0000000083a00000|  0%| F|  |TAMS 0x0000000083900000| PB 0x0000000083900000| Untracked |  0
|  30|0x0000000083a00000, 0x0000000083a00000, 0x0000000083b00000|  0%| F|  |TAMS 0x0000000083a00000| PB 0x0000000083a00000| Untracked |  0
|  31|0x0000000083b00000, 0x0000000083b00000, 0x0000000083c00000|  0%| F|  |TAMS 0x0000000083b00000| PB 0x0000000083b00000| Untracked |  0
|  32|0x0000000083c00000, 0x0000000083c00000, 0x0000000083d00000|  0%| F|  |TAMS 0x0000000083c00000| PB 0x0000000083c00000| Untracked |  0
|  33|0x0000000083d00000, 0x0000000083d00000, 0x0000000083e00000|  0%| F|  |TAMS 0x0000000083d00000| PB 0x0000000083d00000| Untracked |  0
|  34|0x0000000083e00000, 0x0000000083e00000, 0x0000000083f00000|  0%| F|  |TAMS 0x0000000083e00000| PB 0x0000000083e00000| Untracked |  0
|  35|0x0000000083f00000, 0x0000000083f00000, 0x0000000084000000|  0%| F|  |TAMS 0x0000000083f00000| PB 0x0000000083f00000| Untracked |  0
|  36|0x0000000084000000, 0x0000000084000000, 0x0000000084100000|  0%| F|  |TAMS 0x0000000084000000| PB 0x0000000084000000| Untracked |  0
|  37|0x0000000084100000, 0x0000000084100000, 0x0000000084200000|  0%| F|  |TAMS 0x0000000084100000| PB 0x0000000084100000| Untracked |  0
|  38|0x0000000084200000, 0x0000000084200000, 0x0000000084300000|  0%| F|  |TAMS 0x0000000084200000| PB 0x0000000084200000| Untracked |  0
|  39|0x0000000084300000, 0x0000000084300000, 0x0000000084400000|  0%| F|  |TAMS 0x0000000084300000| PB 0x0000000084300000| Untracked |  0
|  40|0x0000000084400000, 0x0000000084400000, 0x0000000084500000|  0%| F|  |TAMS 0x0000000084400000| PB 0x0000000084400000| Untracked |  0
|  41|0x0000000084500000, 0x0000000084500000, 0x0000000084600000|  0%| F|  |TAMS 0x0000000084500000| PB 0x0000000084500000| Untracked |  0
|  42|0x0000000084600000, 0x0000000084600000, 0x0000000084700000|  0%| F|  |TAMS 0x0000000084600000| PB 0x0000000084600000| Untracked |  0
|  43|0x0000000084700000, 0x0000000084700000, 0x0000000084800000|  0%| F|  |TAMS 0x0000000084700000| PB 0x0000000084700000| Untracked |  0
|  44|0x0000000084800000, 0x0000000084800000, 0x0000000084900000|  0%| F|  |TAMS 0x0000000084800000| PB 0x0000000084800000| Untracked |  0
|  45|0x0000000084900000, 0x0000000084900000, 0x0000000084a00000|  0%| F|  |TAMS 0x0000000084900000| PB 0x0000000084900000| Untracked |  0
|  46|0x0000000084a00000, 0x0000000084a00000, 0x0000000084b00000|  0%| F|  |TAMS 0x0000000084a00000| PB 0x0000000084a00000| Untracked |  0
|  47|0x0000000084b00000, 0x0000000084b00000, 0x0000000084c00000|  0%| F|  |TAMS 0x0000000084b00000| PB 0x0000000084b00000| Untracked |  0
|  48|0x0000000084c00000, 0x0000000084c00000, 0x0000000084d00000|  0%| F|  |TAMS 0x0000000084c00000| PB 0x0000000084c00000| Untracked |  0
|  49|0x0000000084d00000, 0x0000000084d00000, 0x0000000084e00000|  0%| F|  |TAMS 0x0000000084d00000| PB 0x0000000084d00000| Untracked |  0
|  50|0x0000000084e00000, 0x0000000084e00000, 0x0000000084f00000|  0%| F|  |TAMS 0x0000000084e00000| PB 0x0000000084e00000| Untracked |  0
|  51|0x0000000084f00000, 0x0000000084f00000, 0x0000000085000000|  0%| F|  |TAMS 0x0000000084f00000| PB 0x0000000084f00000| Untracked |  0
|  52|0x0000000085000000, 0x0000000085000000, 0x0000000085100000|  0%| F|  |TAMS 0x0000000085000000| PB 0x0000000085000000| Untracked |  0
|  53|0x0000000085100000, 0x0000000085100000, 0x0000000085200000|  0%| F|  |TAMS 0x0000000085100000| PB 0x0000000085100000| Untracked |  0
|  54|0x0000000085200000, 0x0000000085200000, 0x0000000085300000|  0%| F|  |TAMS 0x0000000085200000| PB 0x0000000085200000| Untracked |  0
|  55|0x0000000085300000, 0x0000000085300000, 0x0000000085400000|  0%| F|  |TAMS 0x0000000085300000| PB 0x0000000085300000| Untracked |  0
|  56|0x0000000085400000, 0x0000000085400000, 0x0000000085500000|  0%| F|  |TAMS 0x0000000085400000| PB 0x0000000085400000| Untracked |  0
|  57|0x0000000085500000, 0x0000000085500000, 0x0000000085600000|  0%| F|  |TAMS 0x0000000085500000| PB 0x0000000085500000| Untracked |  0
|  58|0x0000000085600000, 0x0000000085600000, 0x0000000085700000|  0%| F|  |TAMS 0x0000000085600000| PB 0x0000000085600000| Untracked |  0
|  59|0x0000000085700000, 0x0000000085700000, 0x0000000085800000|  0%| F|  |TAMS 0x0000000085700000| PB 0x0000000085700000| Untracked |  0
|  60|0x0000000085800000, 0x0000000085800000, 0x0000000085900000|  0%| F|  |TAMS 0x0000000085800000| PB 0x0000000085800000| Untracked |  0
|  61|0x0000000085900000, 0x0000000085900000, 0x0000000085a00000|  0%| F|  |TAMS 0x0000000085900000| PB 0x0000000085900000| Untracked |  0
|  62|0x0000000085a00000, 0x0000000085a00000, 0x0000000085b00000|  0%| F|  |TAMS 0x0000000085a00000| PB 0x0000000085a00000| Untracked |  0
|  63|0x0000000085b00000, 0x0000000085b00000, 0x0000000085c00000|  0%| F|  |TAMS 0x0000000085b00000| PB 0x0000000085b00000| Untracked |  0
|  64|0x0000000085c00000, 0x0000000085c00000, 0x0000000085d00000|  0%| F|  |TAMS 0x0000000085c00000| PB 0x0000000085c00000| Untracked |  0
|  65|0x0000000085d00000, 0x0000000085d00000, 0x0000000085e00000|  0%| F|  |TAMS 0x0000000085d00000| PB 0x0000000085d00000| Untracked |  0
|  66|0x0000000085e00000, 0x0000000085e00000, 0x0000000085f00000|  0%| F|  |TAMS 0x0000000085e00000| PB 0x0000000085e00000| Untracked |  0
|  67|0x0000000085f00000, 0x0000000085f00000, 0x0000000086000000|  0%| F|  |TAMS 0x0000000085f00000| PB 0x0000000085f00000| Untracked |  0
|  68|0x0000000086000000, 0x0000000086000000, 0x0000000086100000|  0%| F|  |TAMS 0x0000000086000000| PB 0x0000000086000000| Untracked |  0
|  69|0x0000000086100000, 0x0000000086100000, 0x0000000086200000|  0%| F|  |TAMS 0x0000000086100000| PB 0x0000000086100000| Untracked |  0
|  70|0x0000000086200000, 0x0000000086200000, 0x0000000086300000|  0%| F|  |TAMS 0x0000000086200000| PB 0x0000000086200000| Untracked |  0
|  71|0x0000000086300000, 0x0000000086300000, 0x0000000086400000|  0%| F|  |TAMS 0x0000000086300000| PB 0x0000000086300000| Untracked |  0
|  72|0x0000000086400000, 0x0000000086400000, 0x0000000086500000|  0%| F|  |TAMS 0x0000000086400000| PB 0x0000000086400000| Untracked |  0
|  73|0x0000000086500000, 0x0000000086500000, 0x0000000086600000|  0%| F|  |TAMS 0x0000000086500000| PB 0x0000000086500000| Untracked |  0
|  74|0x0000000086600000, 0x0000000086600000, 0x0000000086700000|  0%| F|  |TAMS 0x0000000086600000| PB 0x0000000086600000| Untracked |  0
|  75|0x0000000086700000, 0x0000000086700000, 0x0000000086800000|  0%| F|  |TAMS 0x0000000086700000| PB 0x0000000086700000| Untracked |  0
|  76|0x0000000086800000, 0x0000000086800000, 0x0000000086900000|  0%| F|  |TAMS 0x0000000086800000| PB 0x0000000086800000| Untracked |  0
|  77|0x0000000086900000, 0x0000000086900000, 0x0000000086a00000|  0%| F|  |TAMS 0x0000000086900000| PB 0x0000000086900000| Untracked |  0
|  78|0x0000000086a00000, 0x0000000086a00000, 0x0000000086b00000|  0%| F|  |TAMS 0x0000000086a00000| PB 0x0000000086a00000| Untracked |  0
|  79|0x0000000086b00000, 0x0000000086b00000, 0x0000000086c00000|  0%| F|  |TAMS 0x0000000086b00000| PB 0x0000000086b00000| Untracked |  0
|  80|0x0000000086c00000, 0x0000000086c00000, 0x0000000086d00000|  0%| F|  |TAMS 0x0000000086c00000| PB 0x0000000086c00000| Untracked |  0
|  81|0x0000000086d00000, 0x0000000086d00000, 0x0000000086e00000|  0%| F|  |TAMS 0x0000000086d00000| PB 0x0000000086d00000| Untracked |  0
|  82|0x0000000086e00000, 0x0000000086e00000, 0x0000000086f00000|  0%| F|  |TAMS 0x0000000086e00000| PB 0x0000000086e00000| Untracked |  0
|  83|0x0000000086f00000, 0x0000000086f00000, 0x0000000087000000|  0%| F|  |TAMS 0x0000000086f00000| PB 0x0000000086f00000| Untracked |  0
|  84|0x0000000087000000, 0x0000000087000000, 0x0000000087100000|  0%| F|  |TAMS 0x0000000087000000| PB 0x0000000087000000| Untracked |  0
|  85|0x0000000087100000, 0x0000000087100000, 0x0000000087200000|  0%| F|  |TAMS 0x0000000087100000| PB 0x0000000087100000| Untracked |  0
|  86|0x0000000087200000, 0x0000000087200000, 0x0000000087300000|  0%| F|  |TAMS 0x0000000087200000| PB 0x0000000087200000| Untracked |  0
|  87|0x0000000087300000, 0x0000000087300000, 0x0000000087400000|  0%| F|  |TAMS 0x0000000087300000| PB 0x0000000087300000| Untracked |  0
|  88|0x0000000087400000, 0x0000000087400000, 0x0000000087500000|  0%| F|  |TAMS 0x0000000087400000| PB 0x0000000087400000| Untracked |  0
|  89|0x0000000087500000, 0x0000000087500000, 0x0000000087600000|  0%| F|  |TAMS 0x0000000087500000| PB 0x0000000087500000| Untracked |  0
|  90|0x0000000087600000, 0x0000000087600000, 0x0000000087700000|  0%| F|  |TAMS 0x0000000087600000| PB 0x0000000087600000| Untracked |  0
|  91|0x0000000087700000, 0x0000000087700000, 0x0000000087800000|  0%| F|  |TAMS 0x0000000087700000| PB 0x0000000087700000| Untracked |  0
|  92|0x0000000087800000, 0x0000000087800000, 0x0000000087900000|  0%| F|  |TAMS 0x0000000087800000| PB 0x0000000087800000| Untracked |  0
|  93|0x0000000087900000, 0x0000000087900000, 0x0000000087a00000|  0%| F|  |TAMS 0x0000000087900000| PB 0x0000000087900000| Untracked |  0
|  94|0x0000000087a00000, 0x0000000087a00000, 0x0000000087b00000|  0%| F|  |TAMS 0x0000000087a00000| PB 0x0000000087a00000| Untracked |  0
|  95|0x0000000087b00000, 0x0000000087b00000, 0x0000000087c00000|  0%| F|  |TAMS 0x0000000087b00000| PB 0x0000000087b00000| Untracked |  0
|  96|0x0000000087c00000, 0x0000000087c00000, 0x0000000087d00000|  0%| F|  |TAMS 0x0000000087c00000| PB 0x0000000087c00000| Untracked |  0
|  97|0x0000000087d00000, 0x0000000087d00000, 0x0000000087e00000|  0%| F|  |TAMS 0x0000000087d00000| PB 0x0000000087d00000| Untracked |  0
|  98|0x0000000087e00000, 0x0000000087e00000, 0x0000000087f00000|  0%| F|  |TAMS 0x0000000087e00000| PB 0x0000000087e00000| Untracked |  0
|  99|0x0000000087f00000, 0x0000000087f00000, 0x0000000088000000|  0%| F|  |TAMS 0x0000000087f00000| PB 0x0000000087f00000| Untracked |  0
| 100|0x0000000088000000, 0x0000000088000000, 0x0000000088100000|  0%| F|  |TAMS 0x0000000088000000| PB 0x0000000088000000| Untracked |  0
| 101|0x0000000088100000, 0x0000000088100000, 0x0000000088200000|  0%| F|  |TAMS 0x0000000088100000| PB 0x0000000088100000| Untracked |  0
| 102|0x0000000088200000, 0x0000000088200000, 0x0000000088300000|  0%| F|  |TAMS 0x0000000088200000| PB 0x0000000088200000| Untracked |  0
| 103|0x0000000088300000, 0x0000000088300000, 0x0000000088400000|  0%| F|  |TAMS 0x0000000088300000| PB 0x0000000088300000| Untracked |  0
| 104|0x0000000088400000, 0x0000000088400000, 0x0000000088500000|  0%| F|  |TAMS 0x0000000088400000| PB 0x0000000088400000| Untracked |  0
| 105|0x0000000088500000, 0x0000000088500000, 0x0000000088600000|  0%| F|  |TAMS 0x0000000088500000| PB 0x0000000088500000| Untracked |  0
| 106|0x0000000088600000, 0x0000000088600000, 0x0000000088700000|  0%| F|  |TAMS 0x0000000088600000| PB 0x0000000088600000| Untracked |  0
| 107|0x0000000088700000, 0x0000000088700000, 0x0000000088800000|  0%| F|  |TAMS 0x0000000088700000| PB 0x0000000088700000| Untracked |  0
| 108|0x0000000088800000, 0x0000000088800000, 0x0000000088900000|  0%| F|  |TAMS 0x0000000088800000| PB 0x0000000088800000| Untracked |  0
| 109|0x0000000088900000, 0x0000000088900000, 0x0000000088a00000|  0%| F|  |TAMS 0x0000000088900000| PB 0x0000000088900000| Untracked |  0
| 110|0x0000000088a00000, 0x0000000088a00000, 0x0000000088b00000|  0%| F|  |TAMS 0x0000000088a00000| PB 0x0000000088a00000| Untracked |  0
| 111|0x0000000088b00000, 0x0000000088b00000, 0x0000000088c00000|  0%| F|  |TAMS 0x0000000088b00000| PB 0x0000000088b00000| Untracked |  0
| 112|0x0000000088c00000, 0x0000000088c00000, 0x0000000088d00000|  0%| F|  |TAMS 0x0000000088c00000| PB 0x0000000088c00000| Untracked |  0
| 113|0x0000000088d00000, 0x0000000088d00000, 0x0000000088e00000|  0%| F|  |TAMS 0x0000000088d00000| PB 0x0000000088d00000| Untracked |  0
| 114|0x0000000088e00000, 0x0000000088e00000, 0x0000000088f00000|  0%| F|  |TAMS 0x0000000088e00000| PB 0x0000000088e00000| Untracked |  0
| 115|0x0000000088f00000, 0x0000000088f00000, 0x0000000089000000|  0%| F|  |TAMS 0x0000000088f00000| PB 0x0000000088f00000| Untracked |  0
| 116|0x0000000089000000, 0x0000000089000000, 0x0000000089100000|  0%| F|  |TAMS 0x0000000089000000| PB 0x0000000089000000| Untracked |  0
| 117|0x0000000089100000, 0x0000000089100000, 0x0000000089200000|  0%| F|  |TAMS 0x0000000089100000| PB 0x0000000089100000| Untracked |  0
| 118|0x0000000089200000, 0x0000000089200000, 0x0000000089300000|  0%| F|  |TAMS 0x0000000089200000| PB 0x0000000089200000| Untracked |  0
| 119|0x0000000089300000, 0x0000000089300000, 0x0000000089400000|  0%| F|  |TAMS 0x0000000089300000| PB 0x0000000089300000| Untracked |  0
| 120|0x0000000089400000, 0x0000000089400000, 0x0000000089500000|  0%| F|  |TAMS 0x0000000089400000| PB 0x0000000089400000| Untracked |  0
| 121|0x0000000089500000, 0x0000000089500000, 0x0000000089600000|  0%| F|  |TAMS 0x0000000089500000| PB 0x0000000089500000| Untracked |  0
| 122|0x0000000089600000, 0x0000000089600000, 0x0000000089700000|  0%| F|  |TAMS 0x0000000089600000| PB 0x0000000089600000| Untracked |  0
| 123|0x0000000089700000, 0x0000000089700000, 0x0000000089800000|  0%| F|  |TAMS 0x0000000089700000| PB 0x0000000089700000| Untracked |  0
| 124|0x0000000089800000, 0x0000000089880000, 0x0000000089900000| 50%| E|  |TAMS 0x0000000089800000| PB 0x0000000089800000| Complete |  0
| 125|0x0000000089900000, 0x0000000089a00000, 0x0000000089a00000|100%| E|CS|TAMS 0x0000000089900000| PB 0x0000000089900000| Complete |  0
| 126|0x0000000089a00000, 0x0000000089b00000, 0x0000000089b00000|100%| E|CS|TAMS 0x0000000089a00000| PB 0x0000000089a00000| Complete |  0
| 127|0x0000000089b00000, 0x0000000089c00000, 0x0000000089c00000|100%| E|CS|TAMS 0x0000000089b00000| PB 0x0000000089b00000| Complete |  0

Card table byte_map: [0x000002b8d06d0000,0x000002b8d0ad0000] _byte_map_base: 0x000002b8d02c2000

Marking Bits: (CMBitMap*) 0x000002b8b87aa250
 Bits: [0x000002b8d0ad0000, 0x000002b8d2a60000)

Polling page: 0x000002b8b6590000

Metaspace:

Usage:
  Non-class:    429.49 KB used.
      Class:     31.08 KB used.
       Both:    460.57 KB used.

Virtual space:
  Non-class space:       64.00 MB reserved,     512.00 KB ( <1%) committed,  1 nodes.
      Class space:        1.00 GB reserved,     128.00 KB ( <1%) committed,  1 nodes.
             Both:        1.06 GB reserved,     640.00 KB ( <1%) committed. 

Chunk freelists:
   Non-Class:  11.99 MB
       Class:  15.74 MB
        Both:  27.74 MB

MaxMetaspaceSize: unlimited
CompressedClassSpaceSize: 1.00 GB
Initial GC threshold: 21.00 MB
Current GC threshold: 21.00 MB
CDS: on
 - commit_granule_bytes: 65536.
 - commit_granule_words: 8192.
 - virtual_space_node_default_size: 8388608.
 - enlarge_chunks_in_place: 1.
 - use_allocation_guard: 0.


Internal statistics:

num_allocs_failed_limit: 0.
num_arena_births: 8.
num_arena_deaths: 0.
num_vsnodes_births: 2.
num_vsnodes_deaths: 0.
num_space_committed: 10.
num_space_uncommitted: 0.
num_chunks_returned_to_freelist: 0.
num_chunks_taken_from_freelist: 10.
num_chunk_merges: 0.
num_chunk_splits: 6.
num_chunks_enlarged: 2.
num_inconsistent_stats: 0.

CodeHeap 'non-profiled nmethods': size=120064Kb used=60Kb max_used=60Kb free=120003Kb
 bounds [0x000002b8c8940000, 0x000002b8c8bb0000, 0x000002b8cfe80000]
CodeHeap 'profiled nmethods': size=120000Kb used=110Kb max_used=110Kb free=119889Kb
 bounds [0x000002b8c0e80000, 0x000002b8c10f0000, 0x000002b8c83b0000]
CodeHeap 'non-nmethods': size=5696Kb used=1299Kb max_used=1299Kb free=4396Kb
 bounds [0x000002b8c83b0000, 0x000002b8c8620000, 0x000002b8c8940000]
CodeCache: size=245760Kb, used=1469Kb, max_used=1469Kb, free=244288Kb
 total_blobs=576, nmethods=157, adapters=325, full_count=0
Compilation: enabled, stopped_count=0, restarted_count=0

Compilation events (20 events):
Event: 0.112 Thread 0x000002b8d554eb10 nmethod 135 0x000002b8c0e9a008 code [0x000002b8c0e9a160, 0x000002b8c0e9a428]
Event: 0.112 Thread 0x000002b8d554eb10  136       3       java.util.HashMap::containsKey (14 bytes)
Event: 0.112 Thread 0x000002b8d554eb10 nmethod 136 0x000002b8c0e9a488 code [0x000002b8c0e9a5a0, 0x000002b8c0e9a728]
Event: 0.112 Thread 0x000002b8d554eb10  100       1       jdk.internal.module.ModuleReferenceImpl::moduleResolution (5 bytes)
Event: 0.112 Thread 0x000002b8d554eb10 nmethod 100 0x000002b8c894ae88 code [0x000002b8c894afa0, 0x000002b8c894b068]
Event: 0.112 Thread 0x000002b8d554eb10  130       1       java.lang.module.ModuleDescriptor::provides (5 bytes)
Event: 0.112 Thread 0x000002b8d554eb10 nmethod 130 0x000002b8c894b188 code [0x000002b8c894b2a0, 0x000002b8c894b368]
Event: 0.112 Thread 0x000002b8d554eb10  138       1       java.lang.module.ModuleDescriptor::uses (5 bytes)
Event: 0.112 Thread 0x000002b8d554eb10 nmethod 138 0x000002b8c894b488 code [0x000002b8c894b5a0, 0x000002b8c894b668]
Event: 0.112 Thread 0x000002b8d554eb10  139       3       java.util.HashMap::keySet (25 bytes)
Event: 0.113 Thread 0x000002b8d554eb10 nmethod 139 0x000002b8c0e9a788 code [0x000002b8c0e9a8c0, 0x000002b8c0e9ac88]
Event: 0.113 Thread 0x000002b8d554eb10  140       3       java.util.HashMap$KeySet::iterator (12 bytes)
Event: 0.113 Thread 0x000002b8d554eb10 nmethod 140 0x000002b8c0e9ad08 code [0x000002b8c0e9ae40, 0x000002b8c0e9b048]
Event: 0.113 Thread 0x000002b8d554eb10  145       3       java.lang.module.ResolvedModule::hashCode (16 bytes)
Event: 0.113 Thread 0x000002b8d554eb10 nmethod 145 0x000002b8c0e9b088 code [0x000002b8c0e9b1c0, 0x000002b8c0e9b3f0]
Event: 0.113 Thread 0x000002b8d554eb10  148       3       java.util.ImmutableCollections$MapN::probe (60 bytes)
Event: 0.113 Thread 0x000002b8d554d050 nmethod 134 0x000002b8c894b788 code [0x000002b8c894b8a0, 0x000002b8c894b9d0]
Event: 0.113 Thread 0x000002b8d554d050  143       4       java.util.HashMap::putVal (300 bytes)
Event: 0.113 Thread 0x000002b8d554eb10 nmethod 148 0x000002b8c0e9b488 code [0x000002b8c0e9b5e0, 0x000002b8c0e9baf8]
Event: 0.113 Thread 0x000002b8d554eb10  149   !   3       java.util.concurrent.ConcurrentHashMap::putVal (432 bytes)

GC Heap History (0 events):
No events

Dll operation events (3 events):
Event: 0.019 Loaded shared library C:\Users\aboub\.jdks\openjdk-23.0.1\bin\java.dll
Event: 0.021 Loaded shared library C:\Users\aboub\.jdks\openjdk-23.0.1\bin\zip.dll
Event: 0.056 Loaded shared library C:\Users\aboub\.jdks\openjdk-23.0.1\bin\jsvml.dll

Deoptimization events (0 events):
No events

Classes loaded (2 events):
Event: 0.106 Loading class jdk/internal/module/ModuleReferenceImpl$CachedHash
Event: 0.106 Loading class jdk/internal/module/ModuleReferenceImpl$CachedHash done

Classes unloaded (0 events):
No events

Classes redefined (0 events):
No events

Internal exceptions (0 events):
No events

VM Operations (2 events):
Event: 0.105 Executing VM operation: HandshakeAllThreads (Deoptimize)
Event: 0.105 Executing VM operation: HandshakeAllThreads (Deoptimize) done

Memory protections (0 events):
No events

Nmethod flushes (0 events):
No events

Events (10 events):
Event: 0.039 Thread 0x000002b8b8750e60 Thread added: 0x000002b8b8750e60
Event: 0.053 Thread 0x000002b8b8750e60 Thread added: 0x000002b8d5534060
Event: 0.053 Thread 0x000002b8b8750e60 Thread added: 0x000002b8d5535f90
Event: 0.053 Thread 0x000002b8b8750e60 Thread added: 0x000002b8d55385d0
Event: 0.053 Thread 0x000002b8b8750e60 Thread added: 0x000002b8d553b140
Event: 0.053 Thread 0x000002b8b8750e60 Thread added: 0x000002b8d553bba0
Event: 0.053 Thread 0x000002b8b8750e60 Thread added: 0x000002b8d553e870
Event: 0.053 Thread 0x000002b8b8750e60 Thread added: 0x000002b8d554d050
Event: 0.054 Thread 0x000002b8b8750e60 Thread added: 0x000002b8d554eb10
Event: 0.097 Thread 0x000002b8b8750e60 Thread added: 0x000002b8d5622130


Dynamic libraries:
0x00007ff6de490000 - 0x00007ff6de49e000 	C:\Users\aboub\.jdks\openjdk-23.0.1\bin\java.exe
0x00007ffd3d4f0000 - 0x00007ffd3d707000 	C:\WINDOWS\SYSTEM32\ntdll.dll
0x00007ffd3bf70000 - 0x00007ffd3c034000 	C:\WINDOWS\System32\KERNEL32.DLL
0x00007ffd3ada0000 - 0x00007ffd3b159000 	C:\WINDOWS\System32\KERNELBASE.dll
0x00007ffd3a890000 - 0x00007ffd3a9a1000 	C:\WINDOWS\System32\ucrtbase.dll
0x00007ffd336c0000 - 0x00007ffd336db000 	C:\Users\aboub\.jdks\openjdk-23.0.1\bin\VCRUNTIME140.dll
0x00007ffd2eb80000 - 0x00007ffd2eb97000 	C:\Users\aboub\.jdks\openjdk-23.0.1\bin\jli.dll
0x00007ffd3b530000 - 0x00007ffd3b6de000 	C:\WINDOWS\System32\USER32.dll
0x00007ffd3a7f0000 - 0x00007ffd3a816000 	C:\WINDOWS\System32\win32u.dll
0x00007ffd3b910000 - 0x00007ffd3b939000 	C:\WINDOWS\System32\GDI32.dll
0x00007ffd22e10000 - 0x00007ffd230a2000 	C:\WINDOWS\WinSxS\amd64_microsoft.windows.common-controls_6595b64144ccf1df_6.0.22621.4391_none_2715d37f73803e96\COMCTL32.dll
0x00007ffd3ac80000 - 0x00007ffd3ad9b000 	C:\WINDOWS\System32\gdi32full.dll
0x00007ffd3bec0000 - 0x00007ffd3bf67000 	C:\WINDOWS\System32\msvcrt.dll
0x00007ffd3abe0000 - 0x00007ffd3ac7a000 	C:\WINDOWS\System32\msvcp_win.dll
0x00007ffd3ba60000 - 0x00007ffd3ba91000 	C:\WINDOWS\System32\IMM32.DLL
0x00007ffd368c0000 - 0x00007ffd368cc000 	C:\Users\aboub\.jdks\openjdk-23.0.1\bin\vcruntime140_1.dll
0x00007ffcdfa10000 - 0x00007ffcdfa9e000 	C:\Users\aboub\.jdks\openjdk-23.0.1\bin\msvcp140.dll
0x00007ffc88ea0000 - 0x00007ffc89bef000 	C:\Users\aboub\.jdks\openjdk-23.0.1\bin\server\jvm.dll
0x00007ffd3b7f0000 - 0x00007ffd3b8a2000 	C:\WINDOWS\System32\ADVAPI32.dll
0x00007ffd3bd20000 - 0x00007ffd3bdc7000 	C:\WINDOWS\System32\sechost.dll
0x00007ffd3b1e0000 - 0x00007ffd3b208000 	C:\WINDOWS\System32\bcrypt.dll
0x00007ffd3b940000 - 0x00007ffd3ba54000 	C:\WINDOWS\System32\RPCRT4.dll
0x00007ffd3bac0000 - 0x00007ffd3bb31000 	C:\WINDOWS\System32\WS2_32.dll
0x00007ffd35fc0000 - 0x00007ffd35ff4000 	C:\WINDOWS\SYSTEM32\WINMM.dll
0x00007ffd32910000 - 0x00007ffd3291a000 	C:\WINDOWS\SYSTEM32\VERSION.dll
0x00007ffd39680000 - 0x00007ffd396cd000 	C:\WINDOWS\SYSTEM32\POWRPROF.dll
0x00007ffd39660000 - 0x00007ffd39673000 	C:\WINDOWS\SYSTEM32\UMPDC.dll
0x00007ffd39920000 - 0x00007ffd39938000 	C:\WINDOWS\SYSTEM32\kernel.appcore.dll
0x00007ffd2eb70000 - 0x00007ffd2eb7a000 	C:\Users\aboub\.jdks\openjdk-23.0.1\bin\jimage.dll
0x00007ffd38100000 - 0x00007ffd38332000 	C:\WINDOWS\SYSTEM32\DBGHELP.DLL
0x00007ffd3cde0000 - 0x00007ffd3d16f000 	C:\WINDOWS\System32\combase.dll
0x00007ffd3bdd0000 - 0x00007ffd3bea7000 	C:\WINDOWS\System32\OLEAUT32.dll
0x00007ffd21460000 - 0x00007ffd21492000 	C:\WINDOWS\SYSTEM32\dbgcore.DLL
0x00007ffd3b160000 - 0x00007ffd3b1db000 	C:\WINDOWS\System32\bcryptPrimitives.dll
0x00007ffd13340000 - 0x00007ffd1334f000 	C:\Users\aboub\.jdks\openjdk-23.0.1\bin\instrument.dll
0x00007ffd07070000 - 0x00007ffd0708e000 	C:\Users\aboub\.jdks\openjdk-23.0.1\bin\java.dll
0x00007ffd3d270000 - 0x00007ffd3d415000 	C:\WINDOWS\System32\ole32.dll
0x00007ffd3c560000 - 0x00007ffd3cdd6000 	C:\WINDOWS\System32\SHELL32.dll
0x00007ffce4860000 - 0x00007ffce4877000 	C:\Users\aboub\.jdks\openjdk-23.0.1\bin\zip.dll
0x00007ffd38730000 - 0x00007ffd39033000 	C:\WINDOWS\SYSTEM32\windows.storage.dll
0x00007ffd385f0000 - 0x00007ffd3872f000 	C:\WINDOWS\SYSTEM32\wintypes.dll
0x00007ffd3b270000 - 0x00007ffd3b369000 	C:\WINDOWS\System32\SHCORE.dll
0x00007ffd3b8b0000 - 0x00007ffd3b90e000 	C:\WINDOWS\System32\shlwapi.dll
0x00007ffd3a720000 - 0x00007ffd3a74b000 	C:\WINDOWS\SYSTEM32\profapi.dll
0x00007ffcc2e90000 - 0x00007ffcc2f67000 	C:\Users\aboub\.jdks\openjdk-23.0.1\bin\jsvml.dll
0x00007ffd2eb60000 - 0x00007ffd2eb70000 	C:\Users\aboub\.jdks\openjdk-23.0.1\bin\net.dll
0x00007ffd39da0000 - 0x00007ffd39e09000 	C:\WINDOWS\system32\mswsock.dll
0x00007ffd07050000 - 0x00007ffd07066000 	C:\Users\aboub\.jdks\openjdk-23.0.1\bin\nio.dll

dbghelp: loaded successfully - version: 4.0.5 - missing functions: none
symbol engine: initialized successfully - sym options: 0x614 - pdb path: .;C:\Users\aboub\.jdks\openjdk-23.0.1\bin;C:\WINDOWS\SYSTEM32;C:\WINDOWS\WinSxS\amd64_microsoft.windows.common-controls_6595b64144ccf1df_6.0.22621.4391_none_2715d37f73803e96;C:\Users\aboub\.jdks\openjdk-23.0.1\bin\server

VM Arguments:
jvm_args: -ea -Didea.test.cyclic.buffer.size=1048576 -javaagent:C:\Program Files\JetBrains\IntelliJ IDEA 2024.3\lib\idea_rt.jar=63588:C:\Program Files\JetBrains\IntelliJ IDEA 2024.3\bin -javaagent:C:\Users\aboub\AppData\Local\JetBrains\IntelliJIdea2024.3\captureAgent\debugger-agent.jar -Dkotlinx.coroutines.debug.enable.creation.stack.trace=false -Ddebugger.agent.enable.coroutines=true -Dkotlinx.coroutines.debug.enable.flows.stack.trace=true -Dkotlinx.coroutines.debug.enable.mutable.state.flows.stack.trace=true -Dfile.encoding=UTF-8 -Dsun.stdout.encoding=UTF-8 -Dsun.stderr.encoding=UTF-8 
java_command: com.intellij.rt.junit.JUnitStarter -ideVersion5 -junit5 fr.insa.maven.demo.demoMavenProject.DatabaseManagerTest
java_class_path (initial): C:\Users\aboub\.m2\repository\org\junit\platform\junit-platform-launcher\1.10.0\junit-platform-launcher-1.10.0.jar;C:\Program Files\JetBrains\IntelliJ IDEA 2024.3\lib\idea_rt.jar;C:\Program Files\JetBrains\IntelliJ IDEA 2024.3\plugins\junit\lib\junit5-rt.jar;C:\Program Files\JetBrains\IntelliJ IDEA 2024.3\plugins\junit\lib\junit-rt.jar;C:\Users\aboub\PDLA\CHAT-SYSTEM\target\test-classes;C:\Users\aboub\PDLA\CHAT-SYSTEM\target\classes;C:\Users\aboub\.m2\repository\org\junit\jupiter\junit-jupiter-api\5.10.0\junit-jupiter-api-5.10.0.jar;C:\Users\aboub\.m2\repository\org\opentest4j\opentest4j\1.3.0\opentest4j-1.3.0.jar;C:\Users\aboub\.m2\repository\org\junit\platform\junit-platform-commons\1.10.0\junit-platform-commons-1.10.0.jar;C:\Users\aboub\.m2\repository\org\apiguardian\apiguardian-api\1.1.2\apiguardian-api-1.1.2.jar;C:\Users\aboub\.m2\repository\org\junit\jupiter\junit-jupiter-engine\5.10.0\junit-jupiter-engine-5.10.0.jar;C:\Users\aboub\.m2\repository\org\junit\platform\junit-platform-engine\1.10.0\junit-platform-engine-1.10.0.jar;C:\Users\aboub\.m2\repository\com\mysql\mysql-connector-j\8.0.33\mysql-connector-j-8.0.33.jar;C:\Users\aboub\.m2\repository\com\google\protobuf\protobuf-java\3.21.9\protobuf-java-3.21.9.jar;C:\Users\aboub\.m2\repository\com\h2database\h2\2.2.220\h2-2.2.220.jar
Launcher Type: SUN_STANDARD

[Global flags]
     intx CICompilerCount                          = 4                                         {product} {ergonomic}
     uint ConcGCThreads                            = 2                                         {product} {ergonomic}
     uint G1ConcRefinementThreads                  = 8                                         {product} {ergonomic}
   size_t G1HeapRegionSize                         = 1048576                                   {product} {ergonomic}
   size_t InitialHeapSize                          = 134217728                                 {product} {ergonomic}
   size_t MarkStackSize                            = 4194304                                   {product} {ergonomic}
   size_t MarkStackSizeMax                         = 536870912                                 {product} {ergonomic}
   size_t MaxHeapSize                              = 2118123520                                {product} {ergonomic}
   size_t MaxNewSize                               = 1270874112                                {product} {ergonomic}
   size_t MinHeapDeltaBytes                        = 1048576                                   {product} {ergonomic}
   size_t MinHeapSize                              = 8388608                                   {product} {ergonomic}
    uintx NonNMethodCodeHeapSize                   = 5832704                                {pd product} {ergonomic}
    uintx NonProfiledCodeHeapSize                  = 122945536                              {pd product} {ergonomic}
    uintx ProfiledCodeHeapSize                     = 122880000                              {pd product} {ergonomic}
    uintx ReservedCodeCacheSize                    = 251658240                              {pd product} {ergonomic}
     bool SegmentedCodeCache                       = true                                      {product} {ergonomic}
   size_t SoftMaxHeapSize                          = 2118123520                             {manageable} {ergonomic}
     bool UseCompressedOops                        = true                           {product lp64_product} {ergonomic}
     bool UseG1GC                                  = true                                      {product} {ergonomic}
     bool UseLargePagesIndividualAllocation        = false                                  {pd product} {ergonomic}

Logging:
Log output configuration:
 #0: stdout all=warning uptime,level,tags foldmultilines=false
 #1: stderr all=off uptime,level,tags foldmultilines=false

Environment Variables:
PATH=C:\Windows\system32;C:\Windows;C:\Windows\System32\Wbem;C:\Windows\System32\WindowsPowerShell\v1.0\;C:\Windows\System32\OpenSSH\;C:\Program Files (x86)\NVIDIA Corporation\PhysX\Common;C:\Program Files\NVIDIA Corporation\NVIDIA NvDLISR;C:\WINDOWS\system32;C:\WINDOWS;C:\WINDOWS\System32\Wbem;C:\WINDOWS\System32\WindowsPowerShell\v1.0\;C:\WINDOWS\System32\OpenSSH\;C:\Program Files (x86)\STMicroelectronics\STM32 ST-LINK Utility\ST-LINK Utility;C:\Program Files\Git\cmd;C:\Program Files\MySQL\MySQL Shell 8.0\bin\;C:\Users\aboub\Downloads\bin;C:\Users\aboub\AppData\Local\Microsoft\WindowsApps;C:\Users\aboub\AppData\Local\Programs\Microsoft VS Code\bin;C:\Users\aboub\Downloads\apache-maven-3.9.9\bin;C:\Users\aboub\AppData\Local\JetBrains\Toolbox\scripts;C:\Users\aboub\Downloads\apache-maven-3.9.9\bin;
USERNAME=aboub
OS=Windows_NT
PROCESSOR_IDENTIFIER=Intel64 Family 6 Model 158 Stepping 10, GenuineIntel
TMP=C:\Users\aboub\AppData\Local\Temp
TEMP=C:\Users\aboub\AppData\Local\Temp




Periodic native trim disabled

---------------  S Y S T E M  ---------------

OS:
 Windows 11 , 64 bit Build 22621 (10.0.22621.4391)
OS uptime: 5 days 1:18 hours

CPU: total 8 (initial active 8) (4 cores per cpu, 2 threads per core) family 6 model 158 stepping 10 microcode 0xde, cx8, cmov, fxsr, ht, mmx, 3dnowpref, sse, sse2, sse3, ssse3, sse4.1, sse4.2, popcnt, lzcnt, tsc, tscinvbit, avx, avx2, aes, erms, clmul, bmi1, bmi2, adx, fma, vzeroupper, clflush, clflushopt, rdtscp, f16c
Processor Information for the first 8 processors :
  Max Mhz: 2400, Current Mhz: 2400, Mhz Limit: 2400

Memory: 4k page, system-wide physical 8072M (641M free)
TotalPageFile size 20893M (AvailPageFile size 234M)
current process WorkingSet (physical memory assigned to process): 39M, peak: 39M
current process commit charge ("private bytes"): 210M, peak: 210M

vm_info: OpenJDK 64-Bit Server VM (23.0.1+11-39) for windows-amd64 JRE (23.0.1+11-39), built on 2024-09-30T07:20:43Z with MS VC++ 17.6 (VS2022)

END.
