#
# There is insufficient memory for the Java Runtime Environment to continue.
# Native memory allocation (mmap) failed to map 134217728 bytes. Error detail: G1 virtual space
# Possible reasons:
#   The system is out of physical RAM or swap space
#   This process is running with CompressedOops enabled, and the Java Heap may be blocking the growth of the native heap
# Possible solutions:
#   Reduce memory load on the system
#   Increase physical memory or swap space
#   Check if swap backing store is full
#   Decrease Java heap size (-Xmx/-Xms)
#   Decrease number of Java threads
#   Decrease Java thread stack sizes (-Xss)
#   Set larger code cache with -XX:ReservedCodeCacheSize=
#   JVM is running with Unscaled Compressed Oops mode in which the Java heap is
#     placed in the first 4GB address space. The Java Heap base address is the
#     maximum limit for the native heap growth. Please use -XX:HeapBaseMinAddress
#     to set the Java Heap base and to place the Java Heap above 4GB virtual address.
# This output file may be truncated or incomplete.
#
#  Out of Memory Error (os_windows.cpp:3828), pid=33304, tid=2600
#
# JRE version:  (21.0.5+8) (build )
# Java VM: OpenJDK 64-Bit Server VM (21.0.5+8-b631.16, mixed mode, sharing, tiered, compressed oops, compressed class ptrs, g1 gc, windows-amd64)
# No core dump will be written. Minidumps are not enabled by default on client versions of Windows
#

---------------  S U M M A R Y ------------

Command Line: -Djava.rmi.server.hostname=127.0.0.1 -Duser.timezone=UTC -Xmx2048m -Xms128m -Djdbc.classpath=C:\Users\aboub\AppData\Local\Temp\RemoteDriver.classpath.txt --add-exports=java.desktop/sun.awt=ALL-UNNAMED --add-exports=java.desktop/java.awt.peer=ALL-UNNAMED --add-opens=java.desktop/java.awt=ALL-UNNAMED --add-opens=jdk.unsupported/sun.misc=ALL-UNNAMED --add-opens=java.base/java.nio=ALL-UNNAMED --add-opens=java.base/java.util=ALL-UNNAMED -Dfile.encoding=UTF-8 -Dsun.stdout.encoding=UTF-8 -Dsun.stderr.encoding=UTF-8 com.intellij.database.remote.RemoteJdbcServer com.mysql.cj.jdbc.Driver

Host: Intel(R) Core(TM) i5-9300H CPU @ 2.40GHz, 8 cores, 7G,  Windows 11 , 64 bit Build 22621 (10.0.22621.4391)
Time: Sat Dec  7 18:15:46 2024 Paris, Madrid elapsed time: 0.023619 seconds (0d 0h 0m 0s)

---------------  T H R E A D  ---------------

Current thread (0x000002d6ec619fd0):  JavaThread "Unknown thread" [_thread_in_vm, id=2600, stack(0x000000ef37900000,0x000000ef37a00000) (1024K)]

Stack: [0x000000ef37900000,0x000000ef37a00000]
Native frames: (J=compiled Java code, j=interpreted, Vv=VM code, C=native code)
V  [jvm.dll+0x6e52b9]
V  [jvm.dll+0x8c3633]
V  [jvm.dll+0x8c5b8e]
V  [jvm.dll+0x8c6273]
V  [jvm.dll+0x288f46]
V  [jvm.dll+0x6e1a35]
V  [jvm.dll+0x6d5e3a]
V  [jvm.dll+0x3634bb]
V  [jvm.dll+0x36b086]
V  [jvm.dll+0x3bd346]
V  [jvm.dll+0x3bd618]
V  [jvm.dll+0x335c2c]
V  [jvm.dll+0x33691b]
V  [jvm.dll+0x88aa89]
V  [jvm.dll+0x3ca518]
V  [jvm.dll+0x873b98]
V  [jvm.dll+0x45eede]
V  [jvm.dll+0x460bc1]
C  [jli.dll+0x52ab]
C  [ucrtbase.dll+0x29333]
C  [KERNEL32.DLL+0x1259d]
C  [ntdll.dll+0x5af38]


---------------  P R O C E S S  ---------------

Threads class SMR info:
_java_thread_list=0x00007ffc96c2a148, length=0, elements={
}

Java Threads: ( => current thread )
Total: 0

Other Threads:
  0x000002d6ee752680 WorkerThread "GC Thread#0"                     [id=28840, stack(0x000000ef37a00000,0x000000ef37b00000) (1024K)]
  0x000002d6ee7646c0 ConcurrentGCThread "G1 Main Marker"            [id=5928, stack(0x000000ef37b00000,0x000000ef37c00000) (1024K)]
  0x000002d6ee765800 WorkerThread "G1 Conc#0"                       [id=17908, stack(0x000000ef37c00000,0x000000ef37d00000) (1024K)]

[error occurred during error reporting (printing all threads), id 0xc0000005, EXCEPTION_ACCESS_VIOLATION (0xc0000005) at pc=0x00007ffc96318ce7]
VM state: not at safepoint (not fully initialized)

VM Mutex/Monitor currently owned by a thread:  ([mutex/lock_event])
[0x00007ffc96c9eb30] Heap_lock - owner thread: 0x000002d6ec619fd0

Heap address: 0x0000000080000000, size: 2048 MB, Compressed Oops mode: 32-bit

CDS archive(s) mapped at: [0x0000000000000000-0x0000000000000000-0x0000000000000000), size 0, SharedBaseAddress: 0x0000000800000000, ArchiveRelocationMode: 1.
Narrow klass base: 0x0000000000000000, Narrow klass shift: 0, Narrow klass range: 0x0

GC Precious Log:
 CardTable entry size: 512
 Card Set container configuration: InlinePtr #cards 5 size 8 Array Of Cards #cards 12 size 40 Howl #buckets 4 coarsen threshold 1843 Howl Bitmap #cards 512 size 80 coarsen threshold 460 Card regions per heap region 1 cards per card region 2048

Heap:
 garbage-first heap   total 0K, used 0K [0x0000000080000000, 0x0000000100000000)
  region size 1024K, 0 young (0K), 0 survivors (0K)
 Metaspace       used 0K, committed 0K, reserved 0K
  class space    used 0K, committed 0K, reserved 0K

Heap Regions: E=young(eden), S=young(survivor), O=old, HS=humongous(starts), HC=humongous(continues), CS=collection set, F=free, TAMS=top-at-mark-start, PB=parsable bottom

Card table byte_map: [0x000002d6f2dc0000,0x000002d6f31c0000] _byte_map_base: 0x000002d6f29c0000

Marking Bits: (CMBitMap*) 0x000002d6ee752c20
 Bits: [0x000002d6f31c0000, 0x000002d6f51c0000)

GC Heap History (0 events):
No events

Dll operation events (1 events):
Event: 0.015 Loaded shared library C:\Program Files\JetBrains\IntelliJ IDEA 2024.3\jbr\bin\java.dll

Deoptimization events (0 events):
No events

Classes loaded (0 events):
No events

Classes unloaded (0 events):
No events

Classes redefined (0 events):
No events

Internal exceptions (0 events):
No events

ZGC Phase Switch (0 events):
No events

VM Operations (0 events):
No events

Memory protections (0 events):
No events

Nmethod flushes (0 events):
No events

Events (0 events):
No events


Dynamic libraries:
0x00007ff695de0000 - 0x00007ff695dea000 	C:\Program Files\JetBrains\IntelliJ IDEA 2024.3\jbr\bin\java.exe
0x00007ffd3d4f0000 - 0x00007ffd3d707000 	C:\WINDOWS\SYSTEM32\ntdll.dll
0x00007ffd3bf70000 - 0x00007ffd3c034000 	C:\WINDOWS\System32\KERNEL32.DLL
0x00007ffd3ada0000 - 0x00007ffd3b159000 	C:\WINDOWS\System32\KERNELBASE.dll
0x00007ffd3a890000 - 0x00007ffd3a9a1000 	C:\WINDOWS\System32\ucrtbase.dll
0x00007ffd336c0000 - 0x00007ffd336db000 	C:\Program Files\JetBrains\IntelliJ IDEA 2024.3\jbr\bin\VCRUNTIME140.dll
0x00007ffd07070000 - 0x00007ffd07088000 	C:\Program Files\JetBrains\IntelliJ IDEA 2024.3\jbr\bin\jli.dll
0x00007ffd3b530000 - 0x00007ffd3b6de000 	C:\WINDOWS\System32\USER32.dll
0x00007ffd3a7f0000 - 0x00007ffd3a816000 	C:\WINDOWS\System32\win32u.dll
0x00007ffd3b910000 - 0x00007ffd3b939000 	C:\WINDOWS\System32\GDI32.dll
0x00007ffd3ac80000 - 0x00007ffd3ad9b000 	C:\WINDOWS\System32\gdi32full.dll
0x00007ffd3abe0000 - 0x00007ffd3ac7a000 	C:\WINDOWS\System32\msvcp_win.dll
0x00007ffd22e10000 - 0x00007ffd230a2000 	C:\WINDOWS\WinSxS\amd64_microsoft.windows.common-controls_6595b64144ccf1df_6.0.22621.4391_none_2715d37f73803e96\COMCTL32.dll
0x00007ffd3bec0000 - 0x00007ffd3bf67000 	C:\WINDOWS\System32\msvcrt.dll
0x00007ffd3ba60000 - 0x00007ffd3ba91000 	C:\WINDOWS\System32\IMM32.DLL
0x00007ffd368c0000 - 0x00007ffd368cc000 	C:\Program Files\JetBrains\IntelliJ IDEA 2024.3\jbr\bin\vcruntime140_1.dll
0x00007ffcb2d50000 - 0x00007ffcb2ddd000 	C:\Program Files\JetBrains\IntelliJ IDEA 2024.3\jbr\bin\msvcp140.dll
0x00007ffc95fd0000 - 0x00007ffc96d91000 	C:\Program Files\JetBrains\IntelliJ IDEA 2024.3\jbr\bin\server\jvm.dll
0x00007ffd3b7f0000 - 0x00007ffd3b8a2000 	C:\WINDOWS\System32\ADVAPI32.dll
0x00007ffd3bd20000 - 0x00007ffd3bdc7000 	C:\WINDOWS\System32\sechost.dll
0x00007ffd3b1e0000 - 0x00007ffd3b208000 	C:\WINDOWS\System32\bcrypt.dll
0x00007ffd3b940000 - 0x00007ffd3ba54000 	C:\WINDOWS\System32\RPCRT4.dll
0x00007ffd3bac0000 - 0x00007ffd3bb31000 	C:\WINDOWS\System32\WS2_32.dll
0x00007ffd39680000 - 0x00007ffd396cd000 	C:\WINDOWS\SYSTEM32\POWRPROF.dll
0x00007ffd32910000 - 0x00007ffd3291a000 	C:\WINDOWS\SYSTEM32\VERSION.dll
0x00007ffd35fc0000 - 0x00007ffd35ff4000 	C:\WINDOWS\SYSTEM32\WINMM.dll
0x00007ffd39660000 - 0x00007ffd39673000 	C:\WINDOWS\SYSTEM32\UMPDC.dll
0x00007ffd39920000 - 0x00007ffd39938000 	C:\WINDOWS\SYSTEM32\kernel.appcore.dll
0x00007ffd2d490000 - 0x00007ffd2d49a000 	C:\Program Files\JetBrains\IntelliJ IDEA 2024.3\jbr\bin\jimage.dll
0x00007ffd38100000 - 0x00007ffd38332000 	C:\WINDOWS\SYSTEM32\DBGHELP.DLL
0x00007ffd3cde0000 - 0x00007ffd3d16f000 	C:\WINDOWS\System32\combase.dll
0x00007ffd3bdd0000 - 0x00007ffd3bea7000 	C:\WINDOWS\System32\OLEAUT32.dll
0x00007ffd21460000 - 0x00007ffd21492000 	C:\WINDOWS\SYSTEM32\dbgcore.DLL
0x00007ffd3b160000 - 0x00007ffd3b1db000 	C:\WINDOWS\System32\bcryptPrimitives.dll
0x00007ffd2d470000 - 0x00007ffd2d490000 	C:\Program Files\JetBrains\IntelliJ IDEA 2024.3\jbr\bin\java.dll

dbghelp: loaded successfully - version: 4.0.5 - missing functions: none
symbol engine: initialized successfully - sym options: 0x614 - pdb path: .;C:\Program Files\JetBrains\IntelliJ IDEA 2024.3\jbr\bin;C:\WINDOWS\SYSTEM32;C:\WINDOWS\WinSxS\amd64_microsoft.windows.common-controls_6595b64144ccf1df_6.0.22621.4391_none_2715d37f73803e96;C:\Program Files\JetBrains\IntelliJ IDEA 2024.3\jbr\bin\server

VM Arguments:
jvm_args: -Djava.rmi.server.hostname=127.0.0.1 -Duser.timezone=UTC -Xmx2048m -Xms128m -Djdbc.classpath=C:\Users\aboub\AppData\Local\Temp\RemoteDriver.classpath.txt --add-exports=java.desktop/sun.awt=ALL-UNNAMED --add-exports=java.desktop/java.awt.peer=ALL-UNNAMED --add-opens=java.desktop/java.awt=ALL-UNNAMED --add-opens=jdk.unsupported/sun.misc=ALL-UNNAMED --add-opens=java.base/java.nio=ALL-UNNAMED --add-opens=java.base/java.util=ALL-UNNAMED -Dfile.encoding=UTF-8 -Dsun.stdout.encoding=UTF-8 -Dsun.stderr.encoding=UTF-8 
java_command: com.intellij.database.remote.RemoteJdbcServer com.mysql.cj.jdbc.Driver
java_class_path (initial): C:\Program Files\JetBrains\IntelliJ IDEA 2024.3\lib\util_rt.jar;C:\Program Files\JetBrains\IntelliJ IDEA 2024.3\lib\util-8.jar;C:\Program Files\JetBrains\IntelliJ IDEA 2024.3\lib\groovy.jar;C:\Program Files\JetBrains\IntelliJ IDEA 2024.3\plugins\DatabaseTools\lib\jdbc-console.jar;C:\Program Files\JetBrains\IntelliJ IDEA 2024.3\plugins\grid-core-impl\lib\jdbc-console-types.jar;C:\Program Files\JetBrains\IntelliJ IDEA 2024.3\lib\util.jar;C:\Program Files\JetBrains\IntelliJ IDEA 2024.3\lib\bouncy-castle.jar
Launcher Type: SUN_STANDARD

[Global flags]
     intx CICompilerCount                          = 4                                         {product} {ergonomic}
     uint ConcGCThreads                            = 2                                         {product} {ergonomic}
     uint G1ConcRefinementThreads                  = 8                                         {product} {ergonomic}
   size_t G1HeapRegionSize                         = 1048576                                   {product} {ergonomic}
    uintx GCDrainStackTargetSize                   = 64                                        {product} {ergonomic}
   size_t InitialHeapSize                          = 134217728                                 {product} {command line}
   size_t MarkStackSize                            = 4194304                                   {product} {ergonomic}
   size_t MaxHeapSize                              = 2147483648                                {product} {command line}
   size_t MinHeapDeltaBytes                        = 1048576                                   {product} {ergonomic}
   size_t MinHeapSize                              = 134217728                                 {product} {command line}
    uintx NonNMethodCodeHeapSize                   = 5839372                                {pd product} {ergonomic}
    uintx NonProfiledCodeHeapSize                  = 122909434                              {pd product} {ergonomic}
    uintx ProfiledCodeHeapSize                     = 122909434                              {pd product} {ergonomic}
    uintx ReservedCodeCacheSize                    = 251658240                              {pd product} {ergonomic}
     bool SegmentedCodeCache                       = true                                      {product} {ergonomic}
   size_t SoftMaxHeapSize                          = 2147483648                             {manageable} {ergonomic}
     bool UseCompressedOops                        = true                           {product lp64_product} {ergonomic}
     bool UseG1GC                                  = true                                      {product} {ergonomic}
     bool UseLargePagesIndividualAllocation        = false                                  {pd product} {ergonomic}

Logging:
Log output configuration:
 #0: stdout all=warning uptime,level,tags foldmultilines=false
 #1: stderr all=off uptime,level,tags foldmultilines=false

Environment Variables:
PATH=C:\Windows\system32;C:\Windows;C:\Windows\System32\Wbem;C:\Windows\System32\WindowsPowerShell\v1.0\;C:\Windows\System32\OpenSSH\;C:\Program Files (x86)\NVIDIA Corporation\PhysX\Common;C:\Program Files\NVIDIA Corporation\NVIDIA NvDLISR;C:\WINDOWS\system32;C:\WINDOWS;C:\WINDOWS\System32\Wbem;C:\WINDOWS\System32\WindowsPowerShell\v1.0\;C:\WINDOWS\System32\OpenSSH\;C:\Program Files (x86)\STMicroelectronics\STM32 ST-LINK Utility\ST-LINK Utility;C:\Program Files\Git\cmd;C:\Program Files\MySQL\MySQL Shell 8.0\bin\;C:\Users\aboub\Downloads\bin;C:\Users\aboub\AppData\Local\Microsoft\WindowsApps;C:\Users\aboub\AppData\Local\Programs\Microsoft VS Code\bin;C:\Users\aboub\Downloads\apache-maven-3.9.9\bin;C:\Users\aboub\AppData\Local\JetBrains\Toolbox\scripts;C:\Users\aboub\Downloads\apache-maven-3.9.9\bin;
USERNAME=aboub
OS=Windows_NT
PROCESSOR_IDENTIFIER=Intel64 Family 6 Model 158 Stepping 10, GenuineIntel
TMP=C:\Users\aboub\AppData\Local\Temp
TEMP=C:\Users\aboub\AppData\Local\Temp




Periodic native trim disabled

JNI global refs:
JNI global refs: 0, weak refs: 0

JNI global refs memory usage: 0, weak refs: 0

Process memory usage:
Resident Set Size: 11704K (0% of 8265972K total physical memory with 268788K free physical memory)

OOME stack traces (most recent first):
Classloader memory used:

---------------  S Y S T E M  ---------------

OS:
 Windows 11 , 64 bit Build 22621 (10.0.22621.4391)
OS uptime: 5 days 1:20 hours

CPU: total 8 (initial active 8) (4 cores per cpu, 2 threads per core) family 6 model 158 stepping 10 microcode 0xde, cx8, cmov, fxsr, ht, mmx, 3dnowpref, sse, sse2, sse3, ssse3, sse4.1, sse4.2, popcnt, lzcnt, tsc, tscinvbit, avx, avx2, aes, erms, clmul, bmi1, bmi2, adx, fma, vzeroupper, clflush, clflushopt, rdtscp, f16c
Processor Information for all 8 processors :
  Max Mhz: 2400, Current Mhz: 2400, Mhz Limit: 2400

Memory: 4k page, system-wide physical 8072M (262M free)
TotalPageFile size 20893M (AvailPageFile size 52M)
current process WorkingSet (physical memory assigned to process): 11M, peak: 11M
current process commit charge ("private bytes"): 60M, peak: 188M

vm_info: OpenJDK 64-Bit Server VM (21.0.5+8-b631.16) for windows-amd64 JRE (21.0.5+8-b631.16), built on 2024-11-02 by "builduser" with MS VC++ 16.10 / 16.11 (VS2019)

END.
